
Lmod is automatically replacing "Python/3.6.4" with "Conda/3".

Begining clustering
Thu Nov 16 12:43:39 EST 2023
easy-cluster /mnt/research/ShadeLab/Barnett/Centralia_metagenome/phage_analysis/All_phage_contigs_comb/FullSet_viral_contigs.fasta /mnt/research/ShadeLab/Barnett/Centralia_metagenome/phage_analysis/clustered_phage_contigs/mmseqs_clustered_viral_contigs /mnt/research/ShadeLab/Barnett/Centralia_metagenome/phage_analysis/clustered_phage_contigs/tmp --min-seq-id 0.95 --cov-mode 1 -c 0.85 --threads 50 

MMseqs Version:                     	14.7e284
Substitution matrix                 	aa:blosum62.out,nucl:nucleotide.out
Seed substitution matrix            	aa:VTML80.out,nucl:nucleotide.out
Sensitivity                         	4
k-mer length                        	0
k-score                             	seq:2147483647,prof:2147483647
Alphabet size                       	aa:21,nucl:5
Max sequence length                 	65535
Max results per query               	20
Split database                      	0
Split mode                          	2
Split memory limit                  	0
Coverage threshold                  	0.85
Coverage mode                       	1
Compositional bias                  	1
Compositional bias                  	1
Diagonal scoring                    	true
Exact k-mer matching                	0
Mask residues                       	1
Mask residues probability           	0.9
Mask lower case residues            	0
Minimum diagonal score              	15
Selected taxa                       	
Include identical seq. id.          	false
Spaced k-mers                       	1
Preload mode                        	0
Pseudo count a                      	substitution:1.100,context:1.400
Pseudo count b                      	substitution:4.100,context:5.800
Spaced k-mer pattern                	
Local temporary path                	
Threads                             	50
Compressed                          	0
Verbosity                           	3
Add backtrace                       	false
Alignment mode                      	3
Alignment mode                      	0
Allow wrapped scoring               	false
E-value threshold                   	0.001
Seq. id. threshold                  	0.95
Min alignment length                	0
Seq. id. mode                       	0
Alternative alignments              	0
Max reject                          	2147483647
Max accept                          	2147483647
Score bias                          	0
Realign hits                        	false
Realign score bias                  	-0.2
Realign max seqs                    	2147483647
Correlation score weight            	0
Gap open cost                       	aa:11,nucl:5
Gap extension cost                  	aa:1,nucl:2
Zdrop                               	40
Rescore mode                        	0
Remove hits by seq. id. and coverage	false
Sort results                        	0
Cluster mode                        	0
Max connected component depth       	1000
Similarity type                     	2
Single step clustering              	false
Cascaded clustering steps           	3
Cluster reassign                    	false
Remove temporary files              	true
Force restart with latest tmp       	false
MPI runner                          	
k-mers per sequence                 	21
Scale k-mers per sequence           	aa:0.000,nucl:0.200
Adjust k-mer length                 	false
Shift hash                          	67
Include only extendable             	false
Skip repeating k-mers               	false
Database type                       	0
Shuffle input database              	true
Createdb mode                       	1
Write lookup file                   	0
Offset of numeric ids               	0

createdb /mnt/research/ShadeLab/Barnett/Centralia_metagenome/phage_analysis/All_phage_contigs_comb/FullSet_viral_contigs.fasta /mnt/research/ShadeLab/Barnett/Centralia_metagenome/phage_analysis/clustered_phage_contigs/tmp/9669696118135489577/input --dbtype 0 --shuffle 1 --createdb-mode 1 --write-lookup 0 --id-offset 0 --compressed 0 -v 3 

Shuffle database cannot be combined with --createdb-mode 0
We recompute with --shuffle 0
Converting sequences
[
Time for merging to input_h: 0h 0m 0s 0ms
Time for merging to input: 0h 0m 0s 0ms
Database type: Nucleotide
Time for processing: 0h 0m 0s 180ms
Create directory /mnt/research/ShadeLab/Barnett/Centralia_metagenome/phage_analysis/clustered_phage_contigs/tmp/9669696118135489577/clu_tmp
cluster /mnt/research/ShadeLab/Barnett/Centralia_metagenome/phage_analysis/clustered_phage_contigs/tmp/9669696118135489577/input /mnt/research/ShadeLab/Barnett/Centralia_metagenome/phage_analysis/clustered_phage_contigs/tmp/9669696118135489577/clu /mnt/research/ShadeLab/Barnett/Centralia_metagenome/phage_analysis/clustered_phage_contigs/tmp/9669696118135489577/clu_tmp --max-seqs 20 -c 0.85 --cov-mode 1 --spaced-kmer-mode 1 --threads 50 --alignment-mode 3 -e 0.001 --min-seq-id 0.95 --remove-tmp-files 1 

Set cluster sensitivity to -s 1.000000
Set cluster mode GREEDY MEM
Set cluster iterations to 1
linclust /mnt/research/ShadeLab/Barnett/Centralia_metagenome/phage_analysis/clustered_phage_contigs/tmp/9669696118135489577/input /mnt/research/ShadeLab/Barnett/Centralia_metagenome/phage_analysis/clustered_phage_contigs/tmp/9669696118135489577/clu_tmp/7055015767305080689/clu_redundancy /mnt/research/ShadeLab/Barnett/Centralia_metagenome/phage_analysis/clustered_phage_contigs/tmp/9669696118135489577/clu_tmp/7055015767305080689/linclust --cluster-mode 3 --max-iterations 1000 --similarity-type 2 --threads 50 --compressed 0 -v 3 --sub-mat 'aa:blosum62.out,nucl:nucleotide.out' -a 0 --alignment-mode 3 --alignment-output-mode 0 --wrapped-scoring 0 -e 0.001 --min-seq-id 0.95 --min-aln-len 0 --seq-id-mode 0 --alt-ali 0 -c 0.85 --cov-mode 1 --max-seq-len 10000 --comp-bias-corr 0 --comp-bias-corr-scale 1 --max-rejected 2147483647 --max-accept 2147483647 --add-self-matches 0 --db-load-mode 0 --pca substitution:1.100,context:1.400 --pcb substitution:4.100,context:5.800 --score-bias 0 --realign 0 --realign-score-bias -0.2 --realign-max-seqs 2147483647 --corr-score-weight 0 --gap-open aa:11,nucl:5 --gap-extend aa:1,nucl:2 --zdrop 40 --alph-size aa:21,nucl:5 --kmer-per-seq 21 --spaced-kmer-mode 1 --kmer-per-seq-scale aa:0.000,nucl:0.200 --adjust-kmer-len 0 --mask 1 --mask-prob 0.9 --mask-lower-case 0 -k 0 --hash-shift 67 --split-memory-limit 0 --include-only-extendable 0 --ignore-multi-kmer 0 --rescore-mode 0 --filter-hits 0 --sort-results 0 --remove-tmp-files 1 --force-reuse 0 

kmermatcher /mnt/research/ShadeLab/Barnett/Centralia_metagenome/phage_analysis/clustered_phage_contigs/tmp/9669696118135489577/input /mnt/research/ShadeLab/Barnett/Centralia_metagenome/phage_analysis/clustered_phage_contigs/tmp/9669696118135489577/clu_tmp/7055015767305080689/linclust/8396251630986411024/pref --sub-mat 'aa:blosum62.out,nucl:nucleotide.out' --alph-size aa:21,nucl:5 --min-seq-id 0.95 --kmer-per-seq 21 --spaced-kmer-mode 1 --kmer-per-seq-scale aa:0.000,nucl:0.200 --adjust-kmer-len 0 --mask 1 --mask-prob 0.9 --mask-lower-case 0 --cov-mode 1 -k 0 -c 0.85 --max-seq-len 10000 --hash-shift 67 --split-memory-limit 0 --include-only-extendable 0 --ignore-multi-kmer 0 --threads 50 --compressed 0 -v 3 

kmermatcher /mnt/research/ShadeLab/Barnett/Centralia_metagenome/phage_analysis/clustered_phage_contigs/tmp/9669696118135489577/input /mnt/research/ShadeLab/Barnett/Centralia_metagenome/phage_analysis/clustered_phage_contigs/tmp/9669696118135489577/clu_tmp/7055015767305080689/linclust/8396251630986411024/pref --sub-mat 'aa:blosum62.out,nucl:nucleotide.out' --alph-size aa:21,nucl:5 --min-seq-id 0.95 --kmer-per-seq 21 --spaced-kmer-mode 1 --kmer-per-seq-scale aa:0.000,nucl:0.200 --adjust-kmer-len 0 --mask 1 --mask-prob 0.9 --mask-lower-case 0 --cov-mode 1 -k 0 -c 0.85 --max-seq-len 10000 --hash-shift 67 --split-memory-limit 0 --include-only-extendable 0 --ignore-multi-kmer 0 --threads 50 --compressed 0 -v 3 

Database size: 9862 type: Nucleotide

Generate k-mers list for 1 split
[=================================================================] 9.86K 0s 893ms

Adjusted k-mer length 17
Sort kmer 0h 0m 0s 188ms
Sort by rep. sequence 0h 0m 0s 40ms
Time for fill: 0h 0m 0s 79ms
Time for merging to pref: 0h 0m 0s 1ms
Time for processing: 0h 0m 1s 550ms
rescorediagonal /mnt/research/ShadeLab/Barnett/Centralia_metagenome/phage_analysis/clustered_phage_contigs/tmp/9669696118135489577/input /mnt/research/ShadeLab/Barnett/Centralia_metagenome/phage_analysis/clustered_phage_contigs/tmp/9669696118135489577/input /mnt/research/ShadeLab/Barnett/Centralia_metagenome/phage_analysis/clustered_phage_contigs/tmp/9669696118135489577/clu_tmp/7055015767305080689/linclust/8396251630986411024/pref /mnt/research/ShadeLab/Barnett/Centralia_metagenome/phage_analysis/clustered_phage_contigs/tmp/9669696118135489577/clu_tmp/7055015767305080689/linclust/8396251630986411024/pref_rescore1 --sub-mat 'aa:blosum62.out,nucl:nucleotide.out' --rescore-mode 0 --wrapped-scoring 0 --filter-hits 0 -e 0.001 -c 0.85 -a 0 --cov-mode 1 --min-seq-id 0.95 --min-aln-len 0 --seq-id-mode 0 --add-self-matches 0 --sort-results 0 --db-load-mode 0 --threads 50 --compressed 0 -v 3 

[=================================================================] 9.86K 0s 192ms
Time for merging to pref_rescore1: 0h 0m 0s 35ms
Time for processing: 0h 0m 0s 344ms
clust /mnt/research/ShadeLab/Barnett/Centralia_metagenome/phage_analysis/clustered_phage_contigs/tmp/9669696118135489577/input /mnt/research/ShadeLab/Barnett/Centralia_metagenome/phage_analysis/clustered_phage_contigs/tmp/9669696118135489577/clu_tmp/7055015767305080689/linclust/8396251630986411024/pref_rescore1 /mnt/research/ShadeLab/Barnett/Centralia_metagenome/phage_analysis/clustered_phage_contigs/tmp/9669696118135489577/clu_tmp/7055015767305080689/linclust/8396251630986411024/pre_clust --cluster-mode 3 --max-iterations 1000 --similarity-type 2 --threads 50 --compressed 0 -v 3 

Clustering mode: Greedy Low Mem
Total time: 0h 0m 0s 55ms

Size of the sequence database: 9862
Size of the alignment database: 9862
Number of clusters: 8615

Writing results 0h 0m 0s 4ms
Time for merging to pre_clust: 0h 0m 0s 1ms
Time for processing: 0h 0m 0s 76ms
createsubdb /mnt/research/ShadeLab/Barnett/Centralia_metagenome/phage_analysis/clustered_phage_contigs/tmp/9669696118135489577/clu_tmp/7055015767305080689/linclust/8396251630986411024/order_redundancy /mnt/research/ShadeLab/Barnett/Centralia_metagenome/phage_analysis/clustered_phage_contigs/tmp/9669696118135489577/input /mnt/research/ShadeLab/Barnett/Centralia_metagenome/phage_analysis/clustered_phage_contigs/tmp/9669696118135489577/clu_tmp/7055015767305080689/linclust/8396251630986411024/input_step_redundancy -v 3 --subdb-mode 1 

Time for merging to input_step_redundancy: 0h 0m 0s 0ms
Time for processing: 0h 0m 0s 14ms
createsubdb /mnt/research/ShadeLab/Barnett/Centralia_metagenome/phage_analysis/clustered_phage_contigs/tmp/9669696118135489577/clu_tmp/7055015767305080689/linclust/8396251630986411024/order_redundancy /mnt/research/ShadeLab/Barnett/Centralia_metagenome/phage_analysis/clustered_phage_contigs/tmp/9669696118135489577/clu_tmp/7055015767305080689/linclust/8396251630986411024/pref /mnt/research/ShadeLab/Barnett/Centralia_metagenome/phage_analysis/clustered_phage_contigs/tmp/9669696118135489577/clu_tmp/7055015767305080689/linclust/8396251630986411024/pref_filter1 -v 3 --subdb-mode 1 

Time for merging to pref_filter1: 0h 0m 0s 0ms
Time for processing: 0h 0m 0s 10ms
filterdb /mnt/research/ShadeLab/Barnett/Centralia_metagenome/phage_analysis/clustered_phage_contigs/tmp/9669696118135489577/clu_tmp/7055015767305080689/linclust/8396251630986411024/pref_filter1 /mnt/research/ShadeLab/Barnett/Centralia_metagenome/phage_analysis/clustered_phage_contigs/tmp/9669696118135489577/clu_tmp/7055015767305080689/linclust/8396251630986411024/pref_filter2 --filter-file /mnt/research/ShadeLab/Barnett/Centralia_metagenome/phage_analysis/clustered_phage_contigs/tmp/9669696118135489577/clu_tmp/7055015767305080689/linclust/8396251630986411024/order_redundancy --threads 50 --compressed 0 -v 3 

Filtering using file(s)
[=================================================================] 8.61K 0s 32ms
Time for merging to pref_filter2: 0h 0m 0s 37ms
Time for processing: 0h 0m 0s 168ms
align /mnt/research/ShadeLab/Barnett/Centralia_metagenome/phage_analysis/clustered_phage_contigs/tmp/9669696118135489577/clu_tmp/7055015767305080689/linclust/8396251630986411024/input_step_redundancy /mnt/research/ShadeLab/Barnett/Centralia_metagenome/phage_analysis/clustered_phage_contigs/tmp/9669696118135489577/clu_tmp/7055015767305080689/linclust/8396251630986411024/input_step_redundancy /mnt/research/ShadeLab/Barnett/Centralia_metagenome/phage_analysis/clustered_phage_contigs/tmp/9669696118135489577/clu_tmp/7055015767305080689/linclust/8396251630986411024/pref_filter2 /mnt/research/ShadeLab/Barnett/Centralia_metagenome/phage_analysis/clustered_phage_contigs/tmp/9669696118135489577/clu_tmp/7055015767305080689/linclust/8396251630986411024/aln --sub-mat 'aa:blosum62.out,nucl:nucleotide.out' -a 0 --alignment-mode 3 --alignment-output-mode 0 --wrapped-scoring 0 -e 0.001 --min-seq-id 0.95 --min-aln-len 0 --seq-id-mode 0 --alt-ali 0 -c 0.85 --cov-mode 1 --max-seq-len 10000 --comp-bias-corr 0 --comp-bias-corr-scale 1 --max-rejected 2147483647 --max-accept 2147483647 --add-self-matches 0 --db-load-mode 0 --pca substitution:1.100,context:1.400 --pcb substitution:4.100,context:5.800 --score-bias 0 --realign 0 --realign-score-bias -0.2 --realign-max-seqs 2147483647 --corr-score-weight 0 --gap-open aa:11,nucl:5 --gap-extend aa:1,nucl:2 --zdrop 40 --threads 50 --compressed 0 -v 3 

Compute score, coverage and sequence identity
Query database size: 8615 type: Nucleotide
Target database size: 8615 type: Nucleotide
Calculation of alignments
[=================================================================] 8.61K 2s 583ms
Time for merging to aln: 0h 0m 0s 34ms
645058 alignments calculated
9108 sequence pairs passed the thresholds (0.014120 of overall calculated)
1.057226 hits per query sequence
Time for processing: 0h 0m 3s 28ms
clust /mnt/research/ShadeLab/Barnett/Centralia_metagenome/phage_analysis/clustered_phage_contigs/tmp/9669696118135489577/clu_tmp/7055015767305080689/linclust/8396251630986411024/input_step_redundancy /mnt/research/ShadeLab/Barnett/Centralia_metagenome/phage_analysis/clustered_phage_contigs/tmp/9669696118135489577/clu_tmp/7055015767305080689/linclust/8396251630986411024/aln /mnt/research/ShadeLab/Barnett/Centralia_metagenome/phage_analysis/clustered_phage_contigs/tmp/9669696118135489577/clu_tmp/7055015767305080689/linclust/8396251630986411024/clust --cluster-mode 3 --max-iterations 1000 --similarity-type 2 --threads 50 --compressed 0 -v 3 

Clustering mode: Greedy Low Mem
Total time: 0h 0m 0s 59ms

Size of the sequence database: 8615
Size of the alignment database: 8615
Number of clusters: 8184

Writing results 0h 0m 0s 7ms
Time for merging to clust: 0h 0m 0s 1ms
Time for processing: 0h 0m 0s 85ms
mergeclusters /mnt/research/ShadeLab/Barnett/Centralia_metagenome/phage_analysis/clustered_phage_contigs/tmp/9669696118135489577/input /mnt/research/ShadeLab/Barnett/Centralia_metagenome/phage_analysis/clustered_phage_contigs/tmp/9669696118135489577/clu_tmp/7055015767305080689/clu_redundancy /mnt/research/ShadeLab/Barnett/Centralia_metagenome/phage_analysis/clustered_phage_contigs/tmp/9669696118135489577/clu_tmp/7055015767305080689/linclust/8396251630986411024/pre_clust /mnt/research/ShadeLab/Barnett/Centralia_metagenome/phage_analysis/clustered_phage_contigs/tmp/9669696118135489577/clu_tmp/7055015767305080689/linclust/8396251630986411024/clust --threads 50 --compressed 0 -v 3 

Clustering step 1
[=================================================================] 8.61K 0s 35ms
Clustering step 2
[=================================================================] 8.18K 0s 75ms
Write merged clustering
[=================================================================] 9.86K 0s 138ms
Time for merging to clu_redundancy: 0h 0m 0s 34ms
Time for processing: 0h 0m 0s 213ms
rmdb /mnt/research/ShadeLab/Barnett/Centralia_metagenome/phage_analysis/clustered_phage_contigs/tmp/9669696118135489577/clu_tmp/7055015767305080689/linclust/8396251630986411024/pref_filter1 -v 3 

Time for processing: 0h 0m 0s 1ms
rmdb /mnt/research/ShadeLab/Barnett/Centralia_metagenome/phage_analysis/clustered_phage_contigs/tmp/9669696118135489577/clu_tmp/7055015767305080689/linclust/8396251630986411024/pref -v 3 

Time for processing: 0h 0m 0s 2ms
rmdb /mnt/research/ShadeLab/Barnett/Centralia_metagenome/phage_analysis/clustered_phage_contigs/tmp/9669696118135489577/clu_tmp/7055015767305080689/linclust/8396251630986411024/pref_rescore1 -v 3 

Time for processing: 0h 0m 0s 17ms
rmdb /mnt/research/ShadeLab/Barnett/Centralia_metagenome/phage_analysis/clustered_phage_contigs/tmp/9669696118135489577/clu_tmp/7055015767305080689/linclust/8396251630986411024/pre_clust -v 3 

Time for processing: 0h 0m 0s 1ms
rmdb /mnt/research/ShadeLab/Barnett/Centralia_metagenome/phage_analysis/clustered_phage_contigs/tmp/9669696118135489577/clu_tmp/7055015767305080689/linclust/8396251630986411024/input_step_redundancy -v 3 

Time for processing: 0h 0m 0s 1ms
rmdb /mnt/research/ShadeLab/Barnett/Centralia_metagenome/phage_analysis/clustered_phage_contigs/tmp/9669696118135489577/clu_tmp/7055015767305080689/linclust/8396251630986411024/input_step_redundancy_h -v 3 

Time for processing: 0h 0m 0s 1ms
rmdb /mnt/research/ShadeLab/Barnett/Centralia_metagenome/phage_analysis/clustered_phage_contigs/tmp/9669696118135489577/clu_tmp/7055015767305080689/linclust/8396251630986411024/pref_filter2 -v 3 

Time for processing: 0h 0m 0s 33ms
rmdb /mnt/research/ShadeLab/Barnett/Centralia_metagenome/phage_analysis/clustered_phage_contigs/tmp/9669696118135489577/clu_tmp/7055015767305080689/linclust/8396251630986411024/aln -v 3 

Time for processing: 0h 0m 0s 16ms
rmdb /mnt/research/ShadeLab/Barnett/Centralia_metagenome/phage_analysis/clustered_phage_contigs/tmp/9669696118135489577/clu_tmp/7055015767305080689/linclust/8396251630986411024/clust -v 3 

Time for processing: 0h 0m 0s 1ms
createsubdb /mnt/research/ShadeLab/Barnett/Centralia_metagenome/phage_analysis/clustered_phage_contigs/tmp/9669696118135489577/clu_tmp/7055015767305080689/clu_redundancy /mnt/research/ShadeLab/Barnett/Centralia_metagenome/phage_analysis/clustered_phage_contigs/tmp/9669696118135489577/input /mnt/research/ShadeLab/Barnett/Centralia_metagenome/phage_analysis/clustered_phage_contigs/tmp/9669696118135489577/clu_tmp/7055015767305080689/input_step_redundancy -v 3 --subdb-mode 1 

Time for merging to input_step_redundancy: 0h 0m 0s 0ms
Time for processing: 0h 0m 0s 13ms
extractframes /mnt/research/ShadeLab/Barnett/Centralia_metagenome/phage_analysis/clustered_phage_contigs/tmp/9669696118135489577/clu_tmp/7055015767305080689/input_step_redundancy /mnt/research/ShadeLab/Barnett/Centralia_metagenome/phage_analysis/clustered_phage_contigs/tmp/9669696118135489577/clu_tmp/7055015767305080689/query_seqs --forward-frames 1 --reverse-frames 1 --create-lookup 0 --threads 50 --compressed 0 -v 3 

[=================================================================] 8.18K 0s 46ms
Time for merging to query_seqs_h: 0h 0m 0s 58ms
Time for merging to query_seqs: 0h 0m 0s 153ms
Time for processing: 0h 0m 0s 468ms
prefilter /mnt/research/ShadeLab/Barnett/Centralia_metagenome/phage_analysis/clustered_phage_contigs/tmp/9669696118135489577/clu_tmp/7055015767305080689/query_seqs /mnt/research/ShadeLab/Barnett/Centralia_metagenome/phage_analysis/clustered_phage_contigs/tmp/9669696118135489577/clu_tmp/7055015767305080689/input_step_redundancy /mnt/research/ShadeLab/Barnett/Centralia_metagenome/phage_analysis/clustered_phage_contigs/tmp/9669696118135489577/clu_tmp/7055015767305080689/pref --sub-mat 'aa:blosum62.out,nucl:nucleotide.out' --seed-sub-mat 'aa:VTML80.out,nucl:nucleotide.out' -s 1 -k 15 --k-score seq:2147483647,prof:2147483647 --alph-size aa:21,nucl:5 --max-seq-len 10000 --max-seqs 20 --split 0 --split-mode 2 --split-memory-limit 0 -c 0.85 --cov-mode 1 --comp-bias-corr 0 --comp-bias-corr-scale 1 --diag-score 0 --exact-kmer-matching 1 --mask 1 --mask-prob 0.9 --mask-lower-case 0 --min-ungapped-score 60 --add-self-matches 0 --spaced-kmer-mode 1 --db-load-mode 0 --pca substitution:1.100,context:1.400 --pcb substitution:4.100,context:5.800 --threads 50 --compressed 0 -v 3 

Query database size: 16368 type: Nucleotide
Estimated memory consumption: 8G
Target database size: 8184 type: Nucleotide
Index table k-mer threshold: 0 at k-mer size 15 
Index table: counting k-mers
[=================================================================] 8.18K 1s 128ms
Index table: Masked residues: 679678
Index table: fill
[=================================================================] 8.18K 1s 824ms
Index statistics
Entries:          118744469
DB size:          8871 MB
Avg k-mer size:   0.110589
Top 10 k-mers
    CGCGCGCCGCGCGCG	56
    CGAGCGGCAGGCGCG	51
    CGAGCGGCGCGCGCG	44
    CGCGCGCGGCGCGCG	44
    CGACCGGCAGGCGCG	44
    CGGGCGGCCGGCGCG	44
    CGCGCGGCAGGCGCG	40
    CGGGCGGCAGGCGCG	40
    CGAGCGAGAGGCGCG	38
    CGAGCGGCCGGCGCG	38
Time for index table init: 0h 0m 6s 680ms
Process prefiltering step 1 of 1

k-mer similarity threshold: 0
Starting prefiltering scores calculation (step 1 of 1)
Query db start 1 to 16368
Target db start 1 to 8184
[=================================================================] 16.37K 2s 105ms

0.996368 k-mers per position
18616 DB matches per sequence
0 overflows
0 queries produce too many hits (truncated result)
1 sequences passed prefiltering per query sequence
1 median result list length
4928 sequences with 0 size result lists
Time for merging to pref: 0h 0m 0s 68ms
Time for processing: 0h 0m 9s 50ms
rescorediagonal /mnt/research/ShadeLab/Barnett/Centralia_metagenome/phage_analysis/clustered_phage_contigs/tmp/9669696118135489577/clu_tmp/7055015767305080689/query_seqs /mnt/research/ShadeLab/Barnett/Centralia_metagenome/phage_analysis/clustered_phage_contigs/tmp/9669696118135489577/clu_tmp/7055015767305080689/input_step_redundancy /mnt/research/ShadeLab/Barnett/Centralia_metagenome/phage_analysis/clustered_phage_contigs/tmp/9669696118135489577/clu_tmp/7055015767305080689/pref /mnt/research/ShadeLab/Barnett/Centralia_metagenome/phage_analysis/clustered_phage_contigs/tmp/9669696118135489577/clu_tmp/7055015767305080689/aln_ungapped --sub-mat 'aa:blosum62.out,nucl:nucleotide.out' --rescore-mode 2 --wrapped-scoring 0 --filter-hits 0 -e 0.001 -c 0.85 -a 0 --cov-mode 1 --min-seq-id 0.95 --min-aln-len 0 --seq-id-mode 0 --add-self-matches 0 --sort-results 0 --db-load-mode 0 --threads 50 --compressed 0 -v 3 

[=================================================================] 16.37K 0s 128ms
Time for merging to aln_ungapped: 0h 0m 0s 35ms
Time for processing: 0h 0m 0s 309ms
subtractdbs /mnt/research/ShadeLab/Barnett/Centralia_metagenome/phage_analysis/clustered_phage_contigs/tmp/9669696118135489577/clu_tmp/7055015767305080689/pref /mnt/research/ShadeLab/Barnett/Centralia_metagenome/phage_analysis/clustered_phage_contigs/tmp/9669696118135489577/clu_tmp/7055015767305080689/aln_ungapped /mnt/research/ShadeLab/Barnett/Centralia_metagenome/phage_analysis/clustered_phage_contigs/tmp/9669696118135489577/clu_tmp/7055015767305080689/pref_subtract --threads 50 --compressed 0 -v 3 

subtractdbs /mnt/research/ShadeLab/Barnett/Centralia_metagenome/phage_analysis/clustered_phage_contigs/tmp/9669696118135489577/clu_tmp/7055015767305080689/pref /mnt/research/ShadeLab/Barnett/Centralia_metagenome/phage_analysis/clustered_phage_contigs/tmp/9669696118135489577/clu_tmp/7055015767305080689/aln_ungapped /mnt/research/ShadeLab/Barnett/Centralia_metagenome/phage_analysis/clustered_phage_contigs/tmp/9669696118135489577/clu_tmp/7055015767305080689/pref_subtract --threads 50 --compressed 0 -v 3 

Remove /mnt/research/ShadeLab/Barnett/Centralia_metagenome/phage_analysis/clustered_phage_contigs/tmp/9669696118135489577/clu_tmp/7055015767305080689/aln_ungapped ids from /mnt/research/ShadeLab/Barnett/Centralia_metagenome/phage_analysis/clustered_phage_contigs/tmp/9669696118135489577/clu_tmp/7055015767305080689/pref
[=================================================================] 16.37K 0s 23ms
Time for merging to pref_subtract: 0h 0m 0s 39ms
Time for processing: 0h 0m 0s 160ms
align /mnt/research/ShadeLab/Barnett/Centralia_metagenome/phage_analysis/clustered_phage_contigs/tmp/9669696118135489577/clu_tmp/7055015767305080689/query_seqs /mnt/research/ShadeLab/Barnett/Centralia_metagenome/phage_analysis/clustered_phage_contigs/tmp/9669696118135489577/clu_tmp/7055015767305080689/input_step_redundancy /mnt/research/ShadeLab/Barnett/Centralia_metagenome/phage_analysis/clustered_phage_contigs/tmp/9669696118135489577/clu_tmp/7055015767305080689/pref_subtract /mnt/research/ShadeLab/Barnett/Centralia_metagenome/phage_analysis/clustered_phage_contigs/tmp/9669696118135489577/clu_tmp/7055015767305080689/aln_gapped --sub-mat 'aa:blosum62.out,nucl:nucleotide.out' -a 0 --alignment-mode 3 --alignment-output-mode 0 --wrapped-scoring 0 -e 0.001 --min-seq-id 0.95 --min-aln-len 0 --seq-id-mode 0 --alt-ali 0 -c 0.85 --cov-mode 1 --max-seq-len 10000 --comp-bias-corr 0 --comp-bias-corr-scale 1 --max-rejected 2147483647 --max-accept 2147483647 --add-self-matches 0 --db-load-mode 0 --pca substitution:1.100,context:1.400 --pcb substitution:4.100,context:5.800 --score-bias 0 --realign 0 --realign-score-bias -0.2 --realign-max-seqs 2147483647 --corr-score-weight 0 --gap-open aa:11,nucl:5 --gap-extend aa:1,nucl:2 --zdrop 40 --threads 50 --compressed 0 -v 3 

Compute score, coverage and sequence identity
Query database size: 16368 type: Nucleotide
Target database size: 8184 type: Nucleotide
Calculation of alignments
[=================================================================] 16.37K 0s 409ms
Time for merging to aln_gapped: 0h 0m 0s 78ms
8317 alignments calculated
270 sequence pairs passed the thresholds (0.032464 of overall calculated)
0.016496 hits per query sequence
Time for processing: 0h 0m 0s 656ms
concatdbs /mnt/research/ShadeLab/Barnett/Centralia_metagenome/phage_analysis/clustered_phage_contigs/tmp/9669696118135489577/clu_tmp/7055015767305080689/aln_ungapped /mnt/research/ShadeLab/Barnett/Centralia_metagenome/phage_analysis/clustered_phage_contigs/tmp/9669696118135489577/clu_tmp/7055015767305080689/aln_gapped /mnt/research/ShadeLab/Barnett/Centralia_metagenome/phage_analysis/clustered_phage_contigs/tmp/9669696118135489577/clu_tmp/7055015767305080689/aln --preserve-keys --take-larger-entry --threads 50 --compressed 0 -v 3 

[=================================================================] 16.37K 0s 26ms
[=================================================================] 16.37K 0s 53ms
Time for merging to aln: 0h 0m 0s 55ms
Time for processing: 0h 0m 0s 205ms
offsetalignment /mnt/research/ShadeLab/Barnett/Centralia_metagenome/phage_analysis/clustered_phage_contigs/tmp/9669696118135489577/clu_tmp/7055015767305080689/input_step_redundancy /mnt/research/ShadeLab/Barnett/Centralia_metagenome/phage_analysis/clustered_phage_contigs/tmp/9669696118135489577/clu_tmp/7055015767305080689/query_seqs /mnt/research/ShadeLab/Barnett/Centralia_metagenome/phage_analysis/clustered_phage_contigs/tmp/9669696118135489577/clu_tmp/7055015767305080689/input_step_redundancy /mnt/research/ShadeLab/Barnett/Centralia_metagenome/phage_analysis/clustered_phage_contigs/tmp/9669696118135489577/clu_tmp/7055015767305080689/input_step_redundancy /mnt/research/ShadeLab/Barnett/Centralia_metagenome/phage_analysis/clustered_phage_contigs/tmp/9669696118135489577/clu_tmp/7055015767305080689/aln /mnt/research/ShadeLab/Barnett/Centralia_metagenome/phage_analysis/clustered_phage_contigs/tmp/9669696118135489577/clu_tmp/7055015767305080689/aln_off --chain-alignments 0 --merge-query 1 --search-type 3 --threads 50 --compressed 0 --db-load-mode 0 -v 3 

Computing ORF lookup
Computing contig offsets
Computing contig lookup
Time for contig lookup: 0h 0m 0s 68ms
Writing results to: /mnt/research/ShadeLab/Barnett/Centralia_metagenome/phage_analysis/clustered_phage_contigs/tmp/9669696118135489577/clu_tmp/7055015767305080689/aln_off
[=================================================================] 9.86K 0s 18ms

Time for merging to aln_off: 0h 0m 0s 33ms
Time for processing: 0h 0m 0s 253ms
clust /mnt/research/ShadeLab/Barnett/Centralia_metagenome/phage_analysis/clustered_phage_contigs/tmp/9669696118135489577/clu_tmp/7055015767305080689/input_step_redundancy /mnt/research/ShadeLab/Barnett/Centralia_metagenome/phage_analysis/clustered_phage_contigs/tmp/9669696118135489577/clu_tmp/7055015767305080689/aln_off /mnt/research/ShadeLab/Barnett/Centralia_metagenome/phage_analysis/clustered_phage_contigs/tmp/9669696118135489577/clu_tmp/7055015767305080689/clu --cluster-mode 3 --max-iterations 1000 --similarity-type 2 --threads 50 --compressed 0 -v 3 

Clustering mode: Greedy Low Mem
Total time: 0h 0m 0s 59ms

Size of the sequence database: 8184
Size of the alignment database: 8184
Number of clusters: 7521

Writing results 0h 0m 0s 9ms
Time for merging to clu: 0h 0m 0s 0ms
Time for processing: 0h 0m 0s 100ms
mergeclusters /mnt/research/ShadeLab/Barnett/Centralia_metagenome/phage_analysis/clustered_phage_contigs/tmp/9669696118135489577/input /mnt/research/ShadeLab/Barnett/Centralia_metagenome/phage_analysis/clustered_phage_contigs/tmp/9669696118135489577/clu /mnt/research/ShadeLab/Barnett/Centralia_metagenome/phage_analysis/clustered_phage_contigs/tmp/9669696118135489577/clu_tmp/7055015767305080689/clu_redundancy /mnt/research/ShadeLab/Barnett/Centralia_metagenome/phage_analysis/clustered_phage_contigs/tmp/9669696118135489577/clu_tmp/7055015767305080689/clu --threads 50 --compressed 0 -v 3 

Clustering step 1
[=================================================================] 8.18K 0s 34ms
Clustering step 2
[=================================================================] 7.52K 0s 85ms
Write merged clustering
[=================================================================] 9.86K 0s 144ms
Time for merging to clu: 0h 0m 0s 35ms
Time for processing: 0h 0m 0s 218ms
rmdb /mnt/research/ShadeLab/Barnett/Centralia_metagenome/phage_analysis/clustered_phage_contigs/tmp/9669696118135489577/clu_tmp/7055015767305080689/query_seqs -v 3 

Time for processing: 0h 0m 0s 29ms
rmdb /mnt/research/ShadeLab/Barnett/Centralia_metagenome/phage_analysis/clustered_phage_contigs/tmp/9669696118135489577/clu_tmp/7055015767305080689/clu_redundancy -v 3 

Time for processing: 0h 0m 0s 16ms
rmdb /mnt/research/ShadeLab/Barnett/Centralia_metagenome/phage_analysis/clustered_phage_contigs/tmp/9669696118135489577/clu_tmp/7055015767305080689/input_step_redundancy -v 3 

Time for processing: 0h 0m 0s 1ms
rmdb /mnt/research/ShadeLab/Barnett/Centralia_metagenome/phage_analysis/clustered_phage_contigs/tmp/9669696118135489577/clu_tmp/7055015767305080689/perf -v 3 

Time for processing: 0h 0m 0s 0ms
rmdb /mnt/research/ShadeLab/Barnett/Centralia_metagenome/phage_analysis/clustered_phage_contigs/tmp/9669696118135489577/clu_tmp/7055015767305080689/aln -v 3 

Time for processing: 0h 0m 0s 1ms
rmdb /mnt/research/ShadeLab/Barnett/Centralia_metagenome/phage_analysis/clustered_phage_contigs/tmp/9669696118135489577/clu_tmp/7055015767305080689/aln_off -v 3 

Time for processing: 0h 0m 0s 31ms
rmdb /mnt/research/ShadeLab/Barnett/Centralia_metagenome/phage_analysis/clustered_phage_contigs/tmp/9669696118135489577/clu_tmp/7055015767305080689/clu -v 3 

Time for processing: 0h 0m 0s 1ms
createtsv /mnt/research/ShadeLab/Barnett/Centralia_metagenome/phage_analysis/clustered_phage_contigs/tmp/9669696118135489577/input /mnt/research/ShadeLab/Barnett/Centralia_metagenome/phage_analysis/clustered_phage_contigs/tmp/9669696118135489577/input /mnt/research/ShadeLab/Barnett/Centralia_metagenome/phage_analysis/clustered_phage_contigs/tmp/9669696118135489577/clu /mnt/research/ShadeLab/Barnett/Centralia_metagenome/phage_analysis/clustered_phage_contigs/tmp/9669696118135489577/cluster.tsv --threads 50 -v 3 

Time for merging to cluster.tsv: 0h 0m 0s 47ms
Time for processing: 0h 0m 0s 192ms
result2repseq /mnt/research/ShadeLab/Barnett/Centralia_metagenome/phage_analysis/clustered_phage_contigs/tmp/9669696118135489577/input /mnt/research/ShadeLab/Barnett/Centralia_metagenome/phage_analysis/clustered_phage_contigs/tmp/9669696118135489577/clu /mnt/research/ShadeLab/Barnett/Centralia_metagenome/phage_analysis/clustered_phage_contigs/tmp/9669696118135489577/clu_rep --db-load-mode 0 --compressed 0 --threads 50 -v 3 

==========================[=======================================] 7.52K 0s 50ms
Time for merging to clu_rep: 0h 0m 0s 159ms
Time for processing: 0h 0m 0s 371ms
result2flat /mnt/research/ShadeLab/Barnett/Centralia_metagenome/phage_analysis/clustered_phage_contigs/tmp/9669696118135489577/input /mnt/research/ShadeLab/Barnett/Centralia_metagenome/phage_analysis/clustered_phage_contigs/tmp/9669696118135489577/input /mnt/research/ShadeLab/Barnett/Centralia_metagenome/phage_analysis/clustered_phage_contigs/tmp/9669696118135489577/clu_rep /mnt/research/ShadeLab/Barnett/Centralia_metagenome/phage_analysis/clustered_phage_contigs/tmp/9669696118135489577/rep_seq.fasta --use-fasta-header -v 3 

Time for processing: 0h 0m 1s 355ms
createseqfiledb /mnt/research/ShadeLab/Barnett/Centralia_metagenome/phage_analysis/clustered_phage_contigs/tmp/9669696118135489577/input /mnt/research/ShadeLab/Barnett/Centralia_metagenome/phage_analysis/clustered_phage_contigs/tmp/9669696118135489577/clu /mnt/research/ShadeLab/Barnett/Centralia_metagenome/phage_analysis/clustered_phage_contigs/tmp/9669696118135489577/clu_seqs --threads 50 -v 3 

[=================================================================] 7.52K 0s 38ms
Time for merging to clu_seqs: 0h 0m 0s 36ms
Time for processing: 0h 0m 0s 276ms
result2flat /mnt/research/ShadeLab/Barnett/Centralia_metagenome/phage_analysis/clustered_phage_contigs/tmp/9669696118135489577/input /mnt/research/ShadeLab/Barnett/Centralia_metagenome/phage_analysis/clustered_phage_contigs/tmp/9669696118135489577/input /mnt/research/ShadeLab/Barnett/Centralia_metagenome/phage_analysis/clustered_phage_contigs/tmp/9669696118135489577/clu_seqs /mnt/research/ShadeLab/Barnett/Centralia_metagenome/phage_analysis/clustered_phage_contigs/tmp/9669696118135489577/all_seqs.fasta -v 3 

Time for processing: 0h 0m 1s 732ms
rmdb /mnt/research/ShadeLab/Barnett/Centralia_metagenome/phage_analysis/clustered_phage_contigs/tmp/9669696118135489577/input -v 3 

Time for processing: 0h 0m 0s 1ms
rmdb /mnt/research/ShadeLab/Barnett/Centralia_metagenome/phage_analysis/clustered_phage_contigs/tmp/9669696118135489577/input_h -v 3 

Time for processing: 0h 0m 0s 1ms
rmdb /mnt/research/ShadeLab/Barnett/Centralia_metagenome/phage_analysis/clustered_phage_contigs/tmp/9669696118135489577/clu_seqs -v 3 

Time for processing: 0h 0m 0s 44ms
rmdb /mnt/research/ShadeLab/Barnett/Centralia_metagenome/phage_analysis/clustered_phage_contigs/tmp/9669696118135489577/clu_rep -v 3 

Time for processing: 0h 0m 0s 13ms
rmdb /mnt/research/ShadeLab/Barnett/Centralia_metagenome/phage_analysis/clustered_phage_contigs/tmp/9669696118135489577/clu -v 3 

Time for processing: 0h 0m 0s 15ms
Done!
Thu Nov 16 12:44:01 EST 2023
